[18:43:59] [main/WARN]: Ambiguity between arguments [teleport, destination] and [teleport, targets] with inputs: [Player, 0123, @e, dd12be42-52a9-4a91-a8a1-11c01849e498]
[18:43:59] [main/WARN]: Ambiguity between arguments [teleport, location] and [teleport, destination] with inputs: [0.1 -0.5 .9, 0 0 0]
[18:43:59] [main/WARN]: Ambiguity between arguments [teleport, location] and [teleport, targets] with inputs: [0.1 -0.5 .9, 0 0 0]
[18:43:59] [main/WARN]: Ambiguity between arguments [teleport, targets] and [teleport, destination] with inputs: [Player, 0123, dd12be42-52a9-4a91-a8a1-11c01849e498]
[18:43:59] [main/WARN]: Ambiguity between arguments [teleport, targets, location] and [teleport, targets, destination] with inputs: [0.1 -0.5 .9, 0 0 0]
[18:44:00] [Server thread/INFO]: Starting minecraft server version 1.14.4
[18:44:00] [Server thread/INFO]: Loading properties
[18:44:00] [Server thread/INFO]: Default game type: SURVIVAL
[18:44:00] [Server thread/INFO]: Generating keypair
[18:44:00] [Server thread/INFO]: Starting Minecraft server on *:25565
[18:44:00] [Server thread/INFO]: Using epoll channel type
[18:44:00] [Server thread/INFO]: Preparing level "world"
[18:44:00] [Server thread/INFO]: Reloading ResourceManager: Default
[18:44:17] [Server thread/INFO]: Loaded 6 recipes
[18:44:17] [Server thread/INFO]: Loaded 811 advancements
[18:44:17] [Server thread/INFO]: Preparing start region for dimension minecraft:overworld
[18:44:19] [Server thread/INFO]: Preparing spawn area: 0%
[18:44:19] [Server thread/INFO]: Preparing spawn area: 0%
[18:44:19] [Server thread/INFO]: Preparing spawn area: 0%
[18:44:19] [Server thread/INFO]: Preparing spawn area: 0%
[18:44:19] [Server thread/INFO]: Preparing spawn area: 73%
[18:44:19] [Server thread/INFO]: Time elapsed: 2125 ms
[18:44:19] [Server thread/INFO]: Done (19.238s)! For help, type "help"
